2021-01-28 17:17:04.845 [restartedMain] INFO  com.dataql.DemoApplication - Starting DemoApplication using Java 1.8.0_201 on DESKTOP-MUUEIQ0 with PID 31672 (D:\code\GitHub\springboot-mybatisplus\springboot-demo\target\classes started by godstady in D:\code\GitHub\springboot-mybatisplus\springboot-demo)
2021-01-28 17:17:04.859 [restartedMain] INFO  com.dataql.DemoApplication - No active profile set, falling back to default profiles: default
2021-01-28 17:17:05.004 [restartedMain] INFO  org.springframework.boot.devtools.env.DevToolsPropertyDefaultsPostProcessor - Devtools property defaults active! Set 'spring.devtools.add-properties' to 'false' to disable
2021-01-28 17:17:05.005 [restartedMain] INFO  org.springframework.boot.devtools.env.DevToolsPropertyDefaultsPostProcessor - For additional web related logging consider setting the 'logging.level.web' property to 'DEBUG'
2021-01-28 17:17:12.868 [restartedMain] INFO  org.springframework.boot.web.embedded.tomcat.TomcatWebServer - Tomcat initialized with port(s): 8081 (http)
2021-01-28 17:17:12.929 [restartedMain] INFO  org.apache.catalina.core.StandardService - Starting service [Tomcat]
2021-01-28 17:17:12.931 [restartedMain] INFO  org.apache.catalina.core.StandardEngine - Starting Servlet engine: [Apache Tomcat/9.0.41]
2021-01-28 17:17:13.595 [restartedMain] INFO  org.apache.catalina.core.ContainerBase.[Tomcat].[localhost].[/] - Initializing Spring embedded WebApplicationContext
2021-01-28 17:17:13.601 [restartedMain] INFO  org.springframework.boot.web.servlet.context.ServletWebServerApplicationContext - Root WebApplicationContext: initialization completed in 8571 ms
2021-01-28 17:17:14.496 [restartedMain] INFO  com.alibaba.druid.spring.boot.autoconfigure.DruidDataSourceAutoConfigure - Init DruidDataSource
2021-01-28 17:17:36.406 [restartedMain] INFO  com.alibaba.druid.pool.DruidDataSource - {dataSource-1} inited
2021-01-28 17:17:36.436 [restartedMain] INFO  org.apache.catalina.core.StandardService - Stopping service [Tomcat]
2021-01-28 17:17:36.523 [restartedMain] INFO  org.springframework.boot.autoconfigure.logging.ConditionEvaluationReportLoggingListener - 

Error starting ApplicationContext. To display the conditions report re-run your application with 'debug' enabled.
2021-01-28 17:19:05.461 [main] INFO  org.springframework.boot.test.context.SpringBootTestContextBootstrapper - Neither @ContextConfiguration nor @ContextHierarchy found for test class [com.dataql.DemoApplicationTests], using SpringBootContextLoader
2021-01-28 17:19:05.499 [main] INFO  org.springframework.test.context.support.AbstractContextLoader - Could not detect default resource locations for test class [com.dataql.DemoApplicationTests]: no resource found for suffixes {-context.xml, Context.groovy}.
2021-01-28 17:19:05.503 [main] INFO  org.springframework.test.context.support.AnnotationConfigContextLoaderUtils - Could not detect default configuration classes for test class [com.dataql.DemoApplicationTests]: DemoApplicationTests does not declare any static, non-private, non-final, nested classes annotated with @Configuration.
2021-01-28 17:19:06.049 [main] INFO  org.springframework.boot.test.context.SpringBootTestContextBootstrapper - Found @SpringBootConfiguration com.dataql.DemoApplication for test class com.dataql.DemoApplicationTests
2021-01-28 17:19:06.493 [main] INFO  org.springframework.boot.test.context.SpringBootTestContextBootstrapper - Loaded default TestExecutionListener class names from location [META-INF/spring.factories]: [org.springframework.boot.test.mock.mockito.MockitoTestExecutionListener, org.springframework.boot.test.mock.mockito.ResetMocksTestExecutionListener, org.springframework.boot.test.autoconfigure.restdocs.RestDocsTestExecutionListener, org.springframework.boot.test.autoconfigure.web.client.MockRestServiceServerResetTestExecutionListener, org.springframework.boot.test.autoconfigure.web.servlet.MockMvcPrintOnlyOnFailureTestExecutionListener, org.springframework.boot.test.autoconfigure.web.servlet.WebDriverTestExecutionListener, org.springframework.boot.test.autoconfigure.webservices.client.MockWebServiceServerTestExecutionListener, org.springframework.test.context.web.ServletTestExecutionListener, org.springframework.test.context.support.DirtiesContextBeforeModesTestExecutionListener, org.springframework.test.context.event.ApplicationEventsTestExecutionListener, org.springframework.test.context.support.DependencyInjectionTestExecutionListener, org.springframework.test.context.support.DirtiesContextTestExecutionListener, org.springframework.test.context.transaction.TransactionalTestExecutionListener, org.springframework.test.context.jdbc.SqlScriptsTestExecutionListener, org.springframework.test.context.event.EventPublishingTestExecutionListener]
2021-01-28 17:19:06.561 [main] INFO  org.springframework.boot.test.context.SpringBootTestContextBootstrapper - Using TestExecutionListeners: [org.springframework.test.context.web.ServletTestExecutionListener@3cfdd820, org.springframework.test.context.support.DirtiesContextBeforeModesTestExecutionListener@928763c, org.springframework.test.context.event.ApplicationEventsTestExecutionListener@e25951c, org.springframework.boot.test.mock.mockito.MockitoTestExecutionListener@15f47664, org.springframework.boot.test.autoconfigure.SpringBootDependencyInjectionTestExecutionListener@471a9022, org.springframework.test.context.support.DirtiesContextTestExecutionListener@dc9876b, org.springframework.test.context.transaction.TransactionalTestExecutionListener@2f666ebb, org.springframework.test.context.jdbc.SqlScriptsTestExecutionListener@19976a65, org.springframework.test.context.event.EventPublishingTestExecutionListener@a1f72f5, org.springframework.boot.test.mock.mockito.ResetMocksTestExecutionListener@4b2c5e02, org.springframework.boot.test.autoconfigure.restdocs.RestDocsTestExecutionListener@57a3e26a, org.springframework.boot.test.autoconfigure.web.client.MockRestServiceServerResetTestExecutionListener@75c56eb9, org.springframework.boot.test.autoconfigure.web.servlet.MockMvcPrintOnlyOnFailureTestExecutionListener@4bc222e, org.springframework.boot.test.autoconfigure.web.servlet.WebDriverTestExecutionListener@2dc9b0f5, org.springframework.boot.test.autoconfigure.webservices.client.MockWebServiceServerTestExecutionListener@6531a794]
2021-01-28 17:19:07.959 [main] INFO  com.dataql.DemoApplicationTests - Starting DemoApplicationTests using Java 1.8.0_201 on DESKTOP-MUUEIQ0 with PID 21616 (started by godstady in D:\code\GitHub\springboot-mybatisplus\springboot-demo)
2021-01-28 17:19:07.970 [main] INFO  com.dataql.DemoApplicationTests - No active profile set, falling back to default profiles: default
2021-01-28 17:19:12.781 [main] INFO  com.alibaba.druid.spring.boot.autoconfigure.DruidDataSourceAutoConfigure - Init DruidDataSource
2021-01-28 17:19:35.421 [main] INFO  com.alibaba.druid.pool.DruidDataSource - {dataSource-1} inited
2021-01-28 17:19:35.591 [main] INFO  org.springframework.boot.autoconfigure.logging.ConditionEvaluationReportLoggingListener - 

Error starting ApplicationContext. To display the conditions report re-run your application with 'debug' enabled.
2021-01-28 17:55:25.844 [main] INFO  org.springframework.boot.test.context.SpringBootTestContextBootstrapper - Neither @ContextConfiguration nor @ContextHierarchy found for test class [com.dataql.DemoApplicationTests], using SpringBootContextLoader
2021-01-28 17:55:25.887 [main] INFO  org.springframework.test.context.support.AbstractContextLoader - Could not detect default resource locations for test class [com.dataql.DemoApplicationTests]: no resource found for suffixes {-context.xml, Context.groovy}.
2021-01-28 17:55:25.894 [main] INFO  org.springframework.test.context.support.AnnotationConfigContextLoaderUtils - Could not detect default configuration classes for test class [com.dataql.DemoApplicationTests]: DemoApplicationTests does not declare any static, non-private, non-final, nested classes annotated with @Configuration.
2021-01-28 17:55:26.686 [main] INFO  org.springframework.boot.test.context.SpringBootTestContextBootstrapper - Found @SpringBootConfiguration com.dataql.DemoApplication for test class com.dataql.DemoApplicationTests
2021-01-28 17:55:27.359 [main] INFO  org.springframework.boot.test.context.SpringBootTestContextBootstrapper - Loaded default TestExecutionListener class names from location [META-INF/spring.factories]: [org.springframework.boot.test.mock.mockito.MockitoTestExecutionListener, org.springframework.boot.test.mock.mockito.ResetMocksTestExecutionListener, org.springframework.boot.test.autoconfigure.restdocs.RestDocsTestExecutionListener, org.springframework.boot.test.autoconfigure.web.client.MockRestServiceServerResetTestExecutionListener, org.springframework.boot.test.autoconfigure.web.servlet.MockMvcPrintOnlyOnFailureTestExecutionListener, org.springframework.boot.test.autoconfigure.web.servlet.WebDriverTestExecutionListener, org.springframework.boot.test.autoconfigure.webservices.client.MockWebServiceServerTestExecutionListener, org.springframework.test.context.web.ServletTestExecutionListener, org.springframework.test.context.support.DirtiesContextBeforeModesTestExecutionListener, org.springframework.test.context.event.ApplicationEventsTestExecutionListener, org.springframework.test.context.support.DependencyInjectionTestExecutionListener, org.springframework.test.context.support.DirtiesContextTestExecutionListener, org.springframework.test.context.transaction.TransactionalTestExecutionListener, org.springframework.test.context.jdbc.SqlScriptsTestExecutionListener, org.springframework.test.context.event.EventPublishingTestExecutionListener]
2021-01-28 17:55:27.574 [main] INFO  org.springframework.boot.test.context.SpringBootTestContextBootstrapper - Using TestExecutionListeners: [org.springframework.test.context.web.ServletTestExecutionListener@3cfdd820, org.springframework.test.context.support.DirtiesContextBeforeModesTestExecutionListener@928763c, org.springframework.test.context.event.ApplicationEventsTestExecutionListener@e25951c, org.springframework.boot.test.mock.mockito.MockitoTestExecutionListener@15f47664, org.springframework.boot.test.autoconfigure.SpringBootDependencyInjectionTestExecutionListener@471a9022, org.springframework.test.context.support.DirtiesContextTestExecutionListener@dc9876b, org.springframework.test.context.transaction.TransactionalTestExecutionListener@2f666ebb, org.springframework.test.context.jdbc.SqlScriptsTestExecutionListener@19976a65, org.springframework.test.context.event.EventPublishingTestExecutionListener@a1f72f5, org.springframework.boot.test.mock.mockito.ResetMocksTestExecutionListener@4b2c5e02, org.springframework.boot.test.autoconfigure.restdocs.RestDocsTestExecutionListener@57a3e26a, org.springframework.boot.test.autoconfigure.web.client.MockRestServiceServerResetTestExecutionListener@75c56eb9, org.springframework.boot.test.autoconfigure.web.servlet.MockMvcPrintOnlyOnFailureTestExecutionListener@4bc222e, org.springframework.boot.test.autoconfigure.web.servlet.WebDriverTestExecutionListener@2dc9b0f5, org.springframework.boot.test.autoconfigure.webservices.client.MockWebServiceServerTestExecutionListener@6531a794]
2021-01-28 17:56:38.160 [restartedMain] INFO  com.dataql.DemoApplication - Starting DemoApplication using Java 1.8.0_201 on DESKTOP-MUUEIQ0 with PID 26856 (D:\code\GitHub\springboot-mybatisplus\springboot-demo\target\classes started by godstady in D:\code\GitHub\springboot-mybatisplus\springboot-demo)
2021-01-28 17:56:38.167 [restartedMain] INFO  com.dataql.DemoApplication - No active profile set, falling back to default profiles: default
2021-01-28 17:56:38.296 [restartedMain] INFO  org.springframework.boot.devtools.env.DevToolsPropertyDefaultsPostProcessor - Devtools property defaults active! Set 'spring.devtools.add-properties' to 'false' to disable
2021-01-28 17:56:38.297 [restartedMain] INFO  org.springframework.boot.devtools.env.DevToolsPropertyDefaultsPostProcessor - For additional web related logging consider setting the 'logging.level.web' property to 'DEBUG'
2021-01-28 17:56:48.876 [restartedMain] INFO  org.springframework.boot.web.embedded.tomcat.TomcatWebServer - Tomcat initialized with port(s): 8081 (http)
2021-01-28 17:56:48.906 [restartedMain] INFO  org.apache.catalina.core.StandardService - Starting service [Tomcat]
2021-01-28 17:56:48.907 [restartedMain] INFO  org.apache.catalina.core.StandardEngine - Starting Servlet engine: [Apache Tomcat/9.0.41]
2021-01-28 17:56:49.372 [restartedMain] INFO  org.apache.catalina.core.ContainerBase.[Tomcat].[localhost].[/] - Initializing Spring embedded WebApplicationContext
2021-01-28 17:56:49.374 [restartedMain] INFO  org.springframework.boot.web.servlet.context.ServletWebServerApplicationContext - Root WebApplicationContext: initialization completed in 11074 ms
2021-01-28 17:56:49.855 [restartedMain] INFO  com.alibaba.druid.spring.boot.autoconfigure.DruidDataSourceAutoConfigure - Init DruidDataSource
2021-01-28 17:56:52.565 [restartedMain] INFO  com.alibaba.druid.pool.DruidDataSource - {dataSource-1} inited
2021-01-28 17:56:55.856 [restartedMain] INFO  org.springframework.scheduling.concurrent.ThreadPoolTaskExecutor - Initializing ExecutorService 'applicationTaskExecutor'
2021-01-28 17:56:57.008 [restartedMain] INFO  org.springframework.scheduling.concurrent.ThreadPoolTaskScheduler - Initializing ExecutorService 'taskScheduler'
2021-01-28 17:56:57.597 [restartedMain] INFO  org.springframework.boot.devtools.autoconfigure.OptionalLiveReloadServer - LiveReload server is running on port 35729
2021-01-28 17:56:57.961 [restartedMain] INFO  org.springframework.boot.web.embedded.tomcat.TomcatWebServer - Tomcat started on port(s): 8081 (http) with context path ''
2021-01-28 17:56:58.046 [restartedMain] INFO  com.dataql.DemoApplication - Started DemoApplication in 21.327 seconds (JVM running for 25.697)
2021-01-28 17:57:00.002 [scheduling-1] INFO  com.dataql.sync.SynScheduler - -----------------------人员通过记录同步任务执行开始-----------------------
2021-01-28 17:57:00.415 [scheduling-1] INFO  com.dataql.sync.SynScheduler - -----------------------人员通过记录同步任务执行结束>>>>更新记录0-----------------------
2021-01-28 17:57:00.418 [scheduling-1] INFO  com.dataql.sync.SynScheduler - -----------------------车辆通过记录同步任务执行开始-----------------------
2021-01-28 17:57:01.185 [scheduling-1] INFO  com.dataql.sync.SynScheduler - -----------------------车辆通过记录同步任务执行结束>>>>更新记录4-----------------------
2021-01-28 17:58:02.249 [main] INFO  org.springframework.boot.test.context.SpringBootTestContextBootstrapper - Neither @ContextConfiguration nor @ContextHierarchy found for test class [com.dataql.DemoApplicationTests], using SpringBootContextLoader
2021-01-28 17:58:02.267 [main] INFO  org.springframework.test.context.support.AbstractContextLoader - Could not detect default resource locations for test class [com.dataql.DemoApplicationTests]: no resource found for suffixes {-context.xml, Context.groovy}.
2021-01-28 17:58:02.270 [main] INFO  org.springframework.test.context.support.AnnotationConfigContextLoaderUtils - Could not detect default configuration classes for test class [com.dataql.DemoApplicationTests]: DemoApplicationTests does not declare any static, non-private, non-final, nested classes annotated with @Configuration.
2021-01-28 17:58:02.637 [main] INFO  org.springframework.boot.test.context.SpringBootTestContextBootstrapper - Found @SpringBootConfiguration com.dataql.DemoApplication for test class com.dataql.DemoApplicationTests
2021-01-28 17:58:03.094 [main] INFO  org.springframework.boot.test.context.SpringBootTestContextBootstrapper - Loaded default TestExecutionListener class names from location [META-INF/spring.factories]: [org.springframework.boot.test.mock.mockito.MockitoTestExecutionListener, org.springframework.boot.test.mock.mockito.ResetMocksTestExecutionListener, org.springframework.boot.test.autoconfigure.restdocs.RestDocsTestExecutionListener, org.springframework.boot.test.autoconfigure.web.client.MockRestServiceServerResetTestExecutionListener, org.springframework.boot.test.autoconfigure.web.servlet.MockMvcPrintOnlyOnFailureTestExecutionListener, org.springframework.boot.test.autoconfigure.web.servlet.WebDriverTestExecutionListener, org.springframework.boot.test.autoconfigure.webservices.client.MockWebServiceServerTestExecutionListener, org.springframework.test.context.web.ServletTestExecutionListener, org.springframework.test.context.support.DirtiesContextBeforeModesTestExecutionListener, org.springframework.test.context.event.ApplicationEventsTestExecutionListener, org.springframework.test.context.support.DependencyInjectionTestExecutionListener, org.springframework.test.context.support.DirtiesContextTestExecutionListener, org.springframework.test.context.transaction.TransactionalTestExecutionListener, org.springframework.test.context.jdbc.SqlScriptsTestExecutionListener, org.springframework.test.context.event.EventPublishingTestExecutionListener]
2021-01-28 17:58:03.207 [main] INFO  org.springframework.boot.test.context.SpringBootTestContextBootstrapper - Using TestExecutionListeners: [org.springframework.test.context.web.ServletTestExecutionListener@3cfdd820, org.springframework.test.context.support.DirtiesContextBeforeModesTestExecutionListener@928763c, org.springframework.test.context.event.ApplicationEventsTestExecutionListener@e25951c, org.springframework.boot.test.mock.mockito.MockitoTestExecutionListener@15f47664, org.springframework.boot.test.autoconfigure.SpringBootDependencyInjectionTestExecutionListener@471a9022, org.springframework.test.context.support.DirtiesContextTestExecutionListener@dc9876b, org.springframework.test.context.transaction.TransactionalTestExecutionListener@2f666ebb, org.springframework.test.context.jdbc.SqlScriptsTestExecutionListener@19976a65, org.springframework.test.context.event.EventPublishingTestExecutionListener@a1f72f5, org.springframework.boot.test.mock.mockito.ResetMocksTestExecutionListener@4b2c5e02, org.springframework.boot.test.autoconfigure.restdocs.RestDocsTestExecutionListener@57a3e26a, org.springframework.boot.test.autoconfigure.web.client.MockRestServiceServerResetTestExecutionListener@75c56eb9, org.springframework.boot.test.autoconfigure.web.servlet.MockMvcPrintOnlyOnFailureTestExecutionListener@4bc222e, org.springframework.boot.test.autoconfigure.web.servlet.WebDriverTestExecutionListener@2dc9b0f5, org.springframework.boot.test.autoconfigure.webservices.client.MockWebServiceServerTestExecutionListener@6531a794]
2021-01-28 17:58:05.518 [main] INFO  com.dataql.DemoApplicationTests - Starting DemoApplicationTests using Java 1.8.0_201 on DESKTOP-MUUEIQ0 with PID 30760 (started by godstady in D:\code\GitHub\springboot-mybatisplus\springboot-demo)
2021-01-28 17:58:05.533 [main] INFO  com.dataql.DemoApplicationTests - No active profile set, falling back to default profiles: default
2021-01-28 17:58:12.956 [main] INFO  com.alibaba.druid.spring.boot.autoconfigure.DruidDataSourceAutoConfigure - Init DruidDataSource
2021-01-28 17:58:16.664 [main] INFO  com.alibaba.druid.pool.DruidDataSource - {dataSource-1} inited
2021-01-28 17:58:22.984 [main] INFO  org.springframework.scheduling.concurrent.ThreadPoolTaskExecutor - Initializing ExecutorService 'applicationTaskExecutor'
2021-01-28 17:58:24.809 [main] INFO  org.springframework.scheduling.concurrent.ThreadPoolTaskScheduler - Initializing ExecutorService 'taskScheduler'
2021-01-28 17:58:25.167 [main] INFO  com.dataql.DemoApplicationTests - Started DemoApplicationTests in 21.721 seconds (JVM running for 28.104)
2021-01-28 17:58:26.671 [SpringContextShutdownHook] INFO  org.springframework.scheduling.concurrent.ThreadPoolTaskScheduler - Shutting down ExecutorService 'taskScheduler'
2021-01-28 17:58:26.680 [SpringContextShutdownHook] INFO  org.springframework.scheduling.concurrent.ThreadPoolTaskExecutor - Shutting down ExecutorService 'applicationTaskExecutor'
2021-01-28 17:58:26.700 [SpringContextShutdownHook] INFO  com.alibaba.druid.pool.DruidDataSource - {dataSource-1} closed
